<?xml version="1.0" encoding="UTF-8"?>
<testsuite xmlns:xsi="http://www.w3.org/2001/XMLSchema-instance" xsi:noNamespaceSchemaLocation="https://maven.apache.org/surefire/maven-surefire-plugin/xsd/surefire-test-report-3.0.xsd" version="3.0" name="domain.EngineTest" time="0.121" tests="15" errors="0" skipped="0" failures="0">
  <properties>
[...]
</properties>
  <testcase name="addOrderAndGetFraudulentQuantityHavingOrderHistoryAndAnotherOrderTest" classname="domain.EngineTest" time="0.05"/>
  <testcase name="getQuantityPatternByPriceHavingOrderHistoryAndRightPatternTest" classname="domain.EngineTest" time="0.002"/>
  <testcase name="getAverageOrderQuantityByCustomerHavingOrderHistoryAndNoCustomerIdTest" classname="domain.EngineTest" time="0.004"/>
  <testcase name="getCustomerFraudulentQuantityHavingLessThanPriceTest" classname="domain.EngineTest" time="0.002"/>
  <testcase name="getQuantityPatternByPriceHavingOrderHistoryAndNotRightPatternTest" classname="domain.EngineTest" time="0.001"/>
  <testcase name="getAverageOrderQuantityByCustomerHavingOrderHistoryAndCustomerIdTest" classname="domain.EngineTest" time="0.001"/>
  <testcase name="addOrderAndGetFraudulentQuantityHavingMoreThanAveragePriceTest" classname="domain.EngineTest" time="0.002"/>
  <testcase name="getAverageOrderQuantityByCustomerWithEmptyOrderHistoryTest" classname="domain.EngineTest" time="0.001"/>
  <testcase name="getCustomerFraudulentQuantityHavingMoreThanAveragePriceTest" classname="domain.EngineTest" time="0.0"/>
  <testcase name="getCustomerFraudulentQuantityHavingAveragePriceTest" classname="domain.EngineTest" time="0.001"/>
  <testcase name="addOrderAndGetFraudulentQuantityWithoutOrderHistoryTest" classname="domain.EngineTest" time="0.002"/>
  <testcase name="addOrderAndGetFraudulentQuantityHavingLessThanPriceTest" classname="domain.EngineTest" time="0.001"/>
  <testcase name="getQuantityPatternByPriceWithoutOrderHistoryTest" classname="domain.EngineTest" time="0.001"/>
  <testcase name="addOrderAndGetFraudulentQuantityHavingAveragePriceTest" classname="domain.EngineTest" time="0.001"/>
  <testcase name="addOrderAndGetFraudulentQuantityHavingOrderHistory" classname="domain.EngineTest" time="0.003"/>
</testsuite>